<?xml version="1.0" encoding="UTF-8"?>
<testsuite name="Scenario: can login with successfully generated account" tests="5" skipped="0" failures="2" errors="0" timestamp="2017-11-19T21:31:49" hostname="fuxi16" time="0.002">
  <properties/>
  <testcase name="Given user &quot;eero&quot; with password &quot;salainen1&quot; is created" classname="Scenario: can login with successfully generated account" time="0.0"/>
  <testcase name="And command login is selected" classname="Scenario: can login with successfully generated account" time="0.0"/>
  <testcase name="When username &quot;eero&quot; and password &quot;salainen1&quot; are entered" classname="Scenario: can login with successfully generated account" time="0.0"/>
  <testcase name="Then system will respond with &quot;logged in&quot;" classname="Scenario: can login with successfully generated account" time="0.0">
    <failure message="java.lang.AssertionError" type="java.lang.AssertionError">java.lang.AssertionError
	at org.junit.Assert.fail(Assert.java:86)
	at org.junit.Assert.assertTrue(Assert.java:41)
	at org.junit.Assert.assertTrue(Assert.java:52)
	at ohtu.Stepdefs.system_will_respond_with(Stepdefs.java:38)
	at ✽.Then system will respond with &quot;logged in&quot;(ohtu/new_user.feature:32)
</failure>
  </testcase>
  <testcase name="classMethod" classname="Scenario: can login with successfully generated account" time="0.002">
    <failure message="java.lang.AssertionError" type="java.lang.AssertionError">java.lang.AssertionError
	at org.junit.Assert.fail(Assert.java:86)
	at org.junit.Assert.assertTrue(Assert.java:41)
	at org.junit.Assert.assertTrue(Assert.java:52)
	at ohtu.Stepdefs.system_will_respond_with(Stepdefs.java:38)
	at ✽.Then system will respond with &quot;logged in&quot;(ohtu/new_user.feature:32)
</failure>
  </testcase>
  <system-out><![CDATA[
  Scenario: creation fails with valid username and password enough long but consisting of only letters ?[90m# ohtu/new_user.feature:23?[0m
    ?[32mGiven ?[0m?[32mcommand new user is selected?[0m                                                                 ?[90m# Stepdefs.command_new_user_is_selected()?[0m
    ?[32mWhen ?[0m?[32musername "?[0m?[32m?[1mpekka?[0m?[32m" and password "?[0m?[32m?[1makkeppekka?[0m?[32m" are entered?[0m                                        ?[90m# Stepdefs.a_username_and_password_are_entered(String,String)?[0m
    ?[32mThen ?[0m?[32msystem will respond with "?[0m?[32m?[1mnew user not registered?[0m?[32m"?[0m                                            ?[90m# Stepdefs.system_will_respond_with(String)?[0m
]]></system-out>
  <system-err><![CDATA[]]></system-err>
</testsuite>
